<?xml version="1.0" encoding="UTF-8"?>
<!-- Generated by org.testng.reporters.JUnitReportReporter -->
<testsuite hostname="Admin-PC" name="com.qa.CRM.Tests.LoginPageTest" tests="2" failures="0" timestamp="28 Jul 2019 12:46:34 GMT" time="50.829" errors="0">
  <testcase name="loginTest" time="35.681" classname="com.qa.CRM.Tests.LoginPageTest"/>
  <testcase name="verifyLoginPageTitleTest" time="15.148" classname="com.qa.CRM.Tests.LoginPageTest"/>
</testsuite> <!-- com.qa.CRM.Tests.LoginPageTest -->
