<?xml version="1.0" encoding="UTF-8"?>
<!-- Generated by org.testng.reporters.JUnitReportReporter -->
<testsuite skipped="0" hostname="Admin-PC" name="com.qa.HubSpot.Tests.LoginPageTest" tests="2" failures="0" timestamp="24 Jul 2019 17:19:49 GMT" time="41.874" errors="0">
  <testcase name="verifyLoginPageTitleTest" time="20.157" classname="com.qa.HubSpot.Tests.LoginPageTest"/>
  <testcase name="loginTest" time="21.717" classname="com.qa.HubSpot.Tests.LoginPageTest"/>
</testsuite> <!-- com.qa.HubSpot.Tests.LoginPageTest -->
