<?xml version="1.0" encoding="UTF-8"?>
<!-- Generated by org.testng.reporters.JUnitReportReporter -->
<testsuite skipped="0" hostname="Admin-PC" name="com.qa.HubSpot.Tests.HomePageTest" tests="2" failures="0" timestamp="24 Jul 2019 17:19:49 GMT" time="90.967" errors="0">
  <testcase name="verifyHomePageTitleTest" time="50.612" classname="com.qa.HubSpot.Tests.HomePageTest"/>
  <testcase name="verifyHomePageHeaderTest" time="40.355" classname="com.qa.HubSpot.Tests.HomePageTest"/>
</testsuite> <!-- com.qa.HubSpot.Tests.HomePageTest -->
