<?xml version="1.0" encoding="UTF-8"?>
<!-- Generated by org.testng.reporters.JUnitReportReporter -->
<testsuite hostname="Admin-PC" name="com.qa.HubSpot.Tests.LoginPageTest" tests="2" failures="0" timestamp="27 Jul 2019 06:28:24 GMT" time="58.383" errors="0">
  <testcase name="loginTest" time="40.815" classname="com.qa.HubSpot.Tests.LoginPageTest"/>
  <testcase name="verifyLoginPageTitleTest" time="17.568" classname="com.qa.HubSpot.Tests.LoginPageTest"/>
</testsuite> <!-- com.qa.HubSpot.Tests.LoginPageTest -->
