<?xml version="1.0" encoding="UTF-8"?>
<!-- Generated by org.testng.reporters.JUnitReportReporter -->
<testsuite hostname="Admin-PC" name="com.qa.CRM.Tests.HomePageTest" tests="2" failures="0" timestamp="28 Jul 2019 12:46:34 GMT" time="60.792" errors="0">
  <testcase name="verifyHomePageTitleTest" time="28.739" classname="com.qa.CRM.Tests.HomePageTest"/>
  <testcase name="verifyHomePageHeaderTest" time="32.053" classname="com.qa.CRM.Tests.HomePageTest"/>
</testsuite> <!-- com.qa.CRM.Tests.HomePageTest -->
