<?xml version="1.0" encoding="UTF-8"?>
<!-- Generated by org.testng.reporters.JUnitReportReporter -->
<testsuite hostname="Admin-PC" name="com.qa.CRM.Tests.HomePageTest" tests="2" failures="0" timestamp="27 Jul 2019 09:27:53 GMT" time="68.356" errors="0">
  <testcase name="verifyHomePageTitleTest" time="30.168" classname="com.qa.CRM.Tests.HomePageTest"/>
  <testcase name="verifyHomePageHeaderTest" time="38.188" classname="com.qa.CRM.Tests.HomePageTest"/>
</testsuite> <!-- com.qa.CRM.Tests.HomePageTest -->
