<?xml version="1.0" encoding="UTF-8"?>
<!-- Generated by org.testng.reporters.JUnitReportReporter -->
<testsuite hostname="Admin-PC" name="com.qa.CRM.Tests.LoginPageTest" tests="2" failures="0" timestamp="27 Jul 2019 09:27:53 GMT" time="54.374" errors="0">
  <testcase name="loginTest" time="33.087" classname="com.qa.CRM.Tests.LoginPageTest"/>
  <testcase name="verifyLoginPageTitleTest" time="21.287" classname="com.qa.CRM.Tests.LoginPageTest"/>
</testsuite> <!-- com.qa.CRM.Tests.LoginPageTest -->
